d:\институт\ооп\лабороторные\lab8\lab8\x64\debug\vc143.pdb
d:\институт\ооп\лабороторные\lab8\lab8\x64\debug\vc143.idb
d:\институт\ооп\лабороторные\lab8\lab8\x64\debug\readmatrix.obj
d:\институт\ооп\лабороторные\lab8\lab8\x64\debug\lab8.obj
d:\институт\ооп\лабороторные\lab8\x64\debug\lab8.pdb
d:\институт\ооп\лабороторные\lab8\lab8\x64\debug\lab8.tlog\cl.command.1.tlog
d:\институт\ооп\лабороторные\lab8\lab8\x64\debug\lab8.tlog\cl.read.1.tlog
d:\институт\ооп\лабороторные\lab8\lab8\x64\debug\lab8.tlog\cl.write.1.tlog
d:\институт\ооп\лабороторные\lab8\lab8\x64\debug\lab8.tlog\link-cvtres.read.1.tlog
d:\институт\ооп\лабороторные\lab8\lab8\x64\debug\lab8.tlog\link-cvtres.write.1.tlog
d:\институт\ооп\лабороторные\lab8\lab8\x64\debug\lab8.tlog\link-rc.read.1.tlog
d:\институт\ооп\лабороторные\lab8\lab8\x64\debug\lab8.tlog\link-rc.write.1.tlog
d:\институт\ооп\лабороторные\lab8\lab8\x64\debug\lab8.tlog\link.19912-cvtres.read.1.tlog
d:\институт\ооп\лабороторные\lab8\lab8\x64\debug\lab8.tlog\link.19912-cvtres.write.1.tlog
d:\институт\ооп\лабороторные\lab8\lab8\x64\debug\lab8.tlog\link.19912-rc.read.1.tlog
d:\институт\ооп\лабороторные\lab8\lab8\x64\debug\lab8.tlog\link.19912-rc.write.1.tlog
d:\институт\ооп\лабороторные\lab8\lab8\x64\debug\lab8.tlog\link.19912.read.1.tlog
d:\институт\ооп\лабороторные\lab8\lab8\x64\debug\lab8.tlog\link.19912.read.2.tlog
d:\институт\ооп\лабороторные\lab8\lab8\x64\debug\lab8.tlog\link.19912.write.1.tlog
d:\институт\ооп\лабороторные\lab8\lab8\x64\debug\lab8.tlog\link.command.1.tlog
d:\институт\ооп\лабороторные\lab8\lab8\x64\debug\lab8.tlog\link.read.1.tlog
d:\институт\ооп\лабороторные\lab8\lab8\x64\debug\lab8.tlog\link.read.2.tlog
d:\институт\ооп\лабороторные\lab8\lab8\x64\debug\lab8.tlog\link.write.1.tlog
